#
# There is insufficient memory for the Java Runtime Environment to continue.
# Native memory allocation (mmap) failed to map 132120576 bytes for G1 virtual space
# Possible reasons:
#   The system is out of physical RAM or swap space
#   The process is running with CompressedOops enabled, and the Java Heap may be blocking the growth of the native heap
# Possible solutions:
#   Reduce memory load on the system
#   Increase physical memory or swap space
#   Check if swap backing store is full
#   Decrease Java heap size (-Xmx/-Xms)
#   Decrease number of Java threads
#   Decrease Java thread stack sizes (-Xss)
#   Set larger code cache with -XX:ReservedCodeCacheSize=
#   JVM is running with Unscaled Compressed Oops mode in which the Java heap is
#     placed in the first 4GB address space. The Java Heap base address is the
#     maximum limit for the native heap growth. Please use -XX:HeapBaseMinAddress
#     to set the Java Heap base and to place the Java Heap above 4GB virtual address.
# This output file may be truncated or incomplete.
#
#  Out of Memory Error (os_windows.cpp:3559), pid=12332, tid=27520
#
# JRE version:  (17.0.7+7) (build )
# Java VM: OpenJDK 64-Bit Server VM (17.0.7+7, mixed mode, sharing, tiered, compressed oops, compressed class ptrs, g1 gc, windows-amd64)
# No core dump will be written. Minidumps are not enabled by default on client versions of Windows
#

---------------  S U M M A R Y ------------

Command Line: -XX:+ShowCodeDetailsInExceptionMessages io.javabrains.ipldashboard.IplDashboardApplication

Host: Intel(R) Core(TM) i5-9300H CPU @ 2.40GHz, 8 cores, 7G,  Windows 11 , 64 bit Build 22000 (10.0.22000.2003)
Time: Sat Jul 15 23:50:36 2023 India Standard Time elapsed time: 0.035672 seconds (0d 0h 0m 0s)

---------------  T H R E A D  ---------------

Current thread (0x000001e70c9f4af0):  JavaThread "Unknown thread" [_thread_in_vm, id=27520, stack(0x000000616fb00000,0x000000616fc00000)]

Stack: [0x000000616fb00000,0x000000616fc00000]
Native frames: (J=compiled Java code, j=interpreted, Vv=VM code, C=native code)
V  [jvm.dll+0x67754a]
V  [jvm.dll+0x834304]
V  [jvm.dll+0x835aae]
V  [jvm.dll+0x836113]
V  [jvm.dll+0x24696f]
V  [jvm.dll+0x6743f9]
V  [jvm.dll+0x668c8a]
V  [jvm.dll+0x3061bb]
V  [jvm.dll+0x30d6a6]
V  [jvm.dll+0x35cece]
V  [jvm.dll+0x35d0ff]
V  [jvm.dll+0x2dd048]
V  [jvm.dll+0x2ddfb4]
V  [jvm.dll+0x8066d1]
V  [jvm.dll+0x36ac91]
V  [jvm.dll+0x7e5cec]
V  [jvm.dll+0x3ed56f]
V  [jvm.dll+0x3ef0a1]
C  [jli.dll+0x528b]
C  [ucrtbase.dll+0x26c0c]
C  [KERNEL32.DLL+0x155a0]
C  [ntdll.dll+0x485b]


---------------  P R O C E S S  ---------------

Threads class SMR info:
_java_thread_list=0x00007ffd2d507018, length=0, elements={
}

Java Threads: ( => current thread )

Other Threads:
  0x000001e70ca56de0 GCTaskThread "GC Thread#0" [stack: 0x000000616fc00000,0x000000616fd00000] [id=17944]
  0x000001e70ca68f40 ConcurrentGCThread "G1 Main Marker" [stack: 0x000000616fd00000,0x000000616fe00000] [id=24780]
  0x000001e70ca69760 ConcurrentGCThread "G1 Conc#0" [stack: 0x000000616fe00000,0x000000616ff00000] [id=5336]

[error occurred during error reporting (printing all threads), id 0xc0000005, EXCEPTION_ACCESS_VIOLATION (0xc0000005) at pc=0x00007ffd2ccddaf7]

VM state: not at safepoint (not fully initialized)

VM Mutex/Monitor currently owned by a thread:  ([mutex/lock_event])
[0x000001e70c9f0f60] Heap_lock - owner thread: 0x000001e70c9f4af0

Heap address: 0x0000000082800000, size: 2008 MB, Compressed Oops mode: 32-bit

CDS archive(s) mapped at: [0x0000000000000000-0x0000000000000000-0x0000000000000000), size 0, SharedBaseAddress: 0x0000000800000000, ArchiveRelocationMode: 0.
Narrow klass base: 0x0000000000000000, Narrow klass shift: 0, Narrow klass range: 0x0

GC Precious Log:
<Empty>

Heap:
 garbage-first heap   total 0K, used 0K [0x0000000082800000, 0x0000000100000000)
  region size 1024K, 0 young (0K), 0 survivors (0K)

[error occurred during error reporting (printing heap information), id 0xc0000005, EXCEPTION_ACCESS_VIOLATION (0xc0000005) at pc=0x00007ffd2d0c0db9]

GC Heap History (0 events):
No events

Dll operation events (1 events):
Event: 0.019 Loaded shared library C:\Users\sattw\.vscode\extensions\redhat.java-1.20.0-win32-x64\jre\17.0.7-win32-x86_64\bin\java.dll

Deoptimization events (0 events):
No events

Classes unloaded (0 events):
No events

Classes redefined (0 events):
No events

Internal exceptions (0 events):
No events

VM Operations (0 events):
No events

Events (0 events):
No events


Dynamic libraries:
0x00007ff7c6570000 - 0x00007ff7c657e000 	C:\Users\sattw\.vscode\extensions\redhat.java-1.20.0-win32-x64\jre\17.0.7-win32-x86_64\bin\java.exe
0x00007ffd7db60000 - 0x00007ffd7dd69000 	C:\WINDOWS\SYSTEM32\ntdll.dll
0x00007ffd7c4d0000 - 0x00007ffd7c58e000 	C:\WINDOWS\System32\KERNEL32.DLL
0x00007ffd7b070000 - 0x00007ffd7b3f4000 	C:\WINDOWS\System32\KERNELBASE.dll
0x00007ffd7b5c0000 - 0x00007ffd7b6d1000 	C:\WINDOWS\System32\ucrtbase.dll
0x00007ffd5ed80000 - 0x00007ffd5ed99000 	C:\Users\sattw\.vscode\extensions\redhat.java-1.20.0-win32-x64\jre\17.0.7-win32-x86_64\bin\VCRUNTIME140.dll
0x00007ffd5fe60000 - 0x00007ffd5fe77000 	C:\Users\sattw\.vscode\extensions\redhat.java-1.20.0-win32-x64\jre\17.0.7-win32-x86_64\bin\jli.dll
0x00007ffd7c150000 - 0x00007ffd7c2fd000 	C:\WINDOWS\System32\USER32.dll
0x00007ffd5f810000 - 0x00007ffd5fab5000 	C:\WINDOWS\WinSxS\amd64_microsoft.windows.common-controls_6595b64144ccf1df_6.0.22000.120_none_9d947278b86cc467\COMCTL32.dll
0x00007ffd7b910000 - 0x00007ffd7b936000 	C:\WINDOWS\System32\win32u.dll
0x00007ffd7d0c0000 - 0x00007ffd7d163000 	C:\WINDOWS\System32\msvcrt.dll
0x00007ffd7c310000 - 0x00007ffd7c33a000 	C:\WINDOWS\System32\GDI32.dll
0x00007ffd7b400000 - 0x00007ffd7b51f000 	C:\WINDOWS\System32\gdi32full.dll
0x00007ffd7b520000 - 0x00007ffd7b5bd000 	C:\WINDOWS\System32\msvcp_win.dll
0x00007ffd7d080000 - 0x00007ffd7d0b1000 	C:\WINDOWS\System32\IMM32.DLL
0x00007ffd759d0000 - 0x00007ffd759dc000 	C:\Users\sattw\.vscode\extensions\redhat.java-1.20.0-win32-x64\jre\17.0.7-win32-x86_64\bin\vcruntime140_1.dll
0x00007ffd3d140000 - 0x00007ffd3d1d1000 	C:\Users\sattw\.vscode\extensions\redhat.java-1.20.0-win32-x64\jre\17.0.7-win32-x86_64\bin\msvcp140.dll
0x00007ffd2c9f0000 - 0x00007ffd2d638000 	C:\Users\sattw\.vscode\extensions\redhat.java-1.20.0-win32-x64\jre\17.0.7-win32-x86_64\bin\server\jvm.dll
0x00007ffd7d650000 - 0x00007ffd7d6ff000 	C:\WINDOWS\System32\ADVAPI32.dll
0x00007ffd7da80000 - 0x00007ffd7db1e000 	C:\WINDOWS\System32\sechost.dll
0x00007ffd7d3d0000 - 0x00007ffd7d4f1000 	C:\WINDOWS\System32\RPCRT4.dll
0x00007ffd6f990000 - 0x00007ffd6f9c3000 	C:\WINDOWS\SYSTEM32\WINMM.dll
0x00007ffd70aa0000 - 0x00007ffd70aaa000 	C:\WINDOWS\SYSTEM32\VERSION.dll
0x00007ffd78800000 - 0x00007ffd78809000 	C:\WINDOWS\SYSTEM32\WSOCK32.dll
0x00007ffd7d010000 - 0x00007ffd7d07f000 	C:\WINDOWS\System32\WS2_32.dll
0x00007ffd7a0a0000 - 0x00007ffd7a0b8000 	C:\WINDOWS\SYSTEM32\kernel.appcore.dll
0x00007ffd757d0000 - 0x00007ffd757da000 	C:\Users\sattw\.vscode\extensions\redhat.java-1.20.0-win32-x64\jre\17.0.7-win32-x86_64\bin\jimage.dll
0x00007ffd752d0000 - 0x00007ffd754f1000 	C:\WINDOWS\SYSTEM32\DBGHELP.DLL
0x00007ffd5dba0000 - 0x00007ffd5dbd1000 	C:\WINDOWS\SYSTEM32\dbgcore.DLL
0x00007ffd7b940000 - 0x00007ffd7b9bf000 	C:\WINDOWS\System32\bcryptPrimitives.dll
0x00007ffd4b2e0000 - 0x00007ffd4b305000 	C:\Users\sattw\.vscode\extensions\redhat.java-1.20.0-win32-x64\jre\17.0.7-win32-x86_64\bin\java.dll

dbghelp: loaded successfully - version: 4.0.5 - missing functions: none
symbol engine: initialized successfully - sym options: 0x614 - pdb path: .;C:\Users\sattw\.vscode\extensions\redhat.java-1.20.0-win32-x64\jre\17.0.7-win32-x86_64\bin;C:\WINDOWS\SYSTEM32;C:\WINDOWS\WinSxS\amd64_microsoft.windows.common-controls_6595b64144ccf1df_6.0.22000.120_none_9d947278b86cc467;C:\Users\sattw\.vscode\extensions\redhat.java-1.20.0-win32-x64\jre\17.0.7-win32-x86_64\bin\server

VM Arguments:
jvm_args: -XX:+ShowCodeDetailsInExceptionMessages 
java_command: io.javabrains.ipldashboard.IplDashboardApplication
java_class_path (initial): C:\Users\sattw\Desktop\ipl-dashboard\ipl-dashboard\target\classes;C:\Users\sattw\.m2\repository\org\springframework\boot\spring-boot-starter-batch\3.1.1\spring-boot-starter-batch-3.1.1.jar;C:\Users\sattw\.m2\repository\org\springframework\boot\spring-boot-starter\3.1.1\spring-boot-starter-3.1.1.jar;C:\Users\sattw\.m2\repository\org\springframework\boot\spring-boot-starter-logging\3.1.1\spring-boot-starter-logging-3.1.1.jar;C:\Users\sattw\.m2\repository\ch\qos\logback\logback-classic\1.4.8\logback-classic-1.4.8.jar;C:\Users\sattw\.m2\repository\ch\qos\logback\logback-core\1.4.8\logback-core-1.4.8.jar;C:\Users\sattw\.m2\repository\org\apache\logging\log4j\log4j-to-slf4j\2.20.0\log4j-to-slf4j-2.20.0.jar;C:\Users\sattw\.m2\repository\org\apache\logging\log4j\log4j-api\2.20.0\log4j-api-2.20.0.jar;C:\Users\sattw\.m2\repository\org\slf4j\jul-to-slf4j\2.0.7\jul-to-slf4j-2.0.7.jar;C:\Users\sattw\.m2\repository\jakarta\annotation\jakarta.annotation-api\2.1.1\jakarta.annotation-api-2.1.1.jar;C:\Users\sattw\.m2\repository\org\yaml\snakeyaml\1.33\snakeyaml-1.33.jar;C:\Users\sattw\.m2\repository\org\springframework\boot\spring-boot-starter-jdbc\3.1.1\spring-boot-starter-jdbc-3.1.1.jar;C:\Users\sattw\.m2\repository\com\zaxxer\HikariCP\5.0.1\HikariCP-5.0.1.jar;C:\Users\sattw\.m2\repository\org\springframework\batch\spring-batch-core\5.0.2\spring-batch-core-5.0.2.jar;C:\Users\sattw\.m2\repository\org\springframework\batch\spring-batch-infrastructure\5.0.2\spring-batch-infrastructure-5.0.2.jar;C:\Users\sattw\.m2\repository\org\springframework\retry\spring-retry\2.0.2\spring-retry-2.0.2.jar;C:\Users\sattw\.m2\repository\org\springframework\spring-aop\6.0.10\spring-aop-6.0.10.jar;C:\Users\sattw\.m2\repository\org\springframework\spring-beans\6.0.10\spring-beans-6.0.10.jar;C:\Users\sattw\.m2\repository\org\springframework\spring-context\6.0.10\spring-context-6.0.10.jar;C:\Users\sattw\.m2\repository\org\springframework\spring-tx\6.0.10\spring-tx-6.0.10.jar;C:
Launcher Type: SUN_STANDARD

[Global flags]
     intx CICompilerCount                          = 4                                         {product} {ergonomic}
     uint ConcGCThreads                            = 2                                         {product} {ergonomic}
     uint G1ConcRefinementThreads                  = 8                                         {product} {ergonomic}
   size_t G1HeapRegionSize                         = 1048576                                   {product} {ergonomic}
    uintx GCDrainStackTargetSize                   = 64                                        {product} {ergonomic}
   size_t InitialHeapSize                          = 132120576                                 {product} {ergonomic}
   size_t MarkStackSize                            = 4194304                                   {product} {ergonomic}
   size_t MaxHeapSize                              = 2105540608                                {product} {ergonomic}
   size_t MinHeapDeltaBytes                        = 1048576                                   {product} {ergonomic}
   size_t MinHeapSize                              = 8388608                                   {product} {ergonomic}
    uintx NonNMethodCodeHeapSize                   = 5839372                                {pd product} {ergonomic}
    uintx NonProfiledCodeHeapSize                  = 122909434                              {pd product} {ergonomic}
    uintx ProfiledCodeHeapSize                     = 122909434                              {pd product} {ergonomic}
    uintx ReservedCodeCacheSize                    = 251658240                              {pd product} {ergonomic}
     bool SegmentedCodeCache                       = true                                      {product} {ergonomic}
     bool ShowCodeDetailsInExceptionMessages       = true                                   {manageable} {command line}
   size_t SoftMaxHeapSize                          = 2105540608                             {manageable} {ergonomic}
     bool UseCompressedClassPointers               = true                           {product lp64_product} {ergonomic}
     bool UseCompressedOops                        = true                           {product lp64_product} {ergonomic}
     bool UseG1GC                                  = true                                      {product} {ergonomic}
     bool UseLargePagesIndividualAllocation        = false                                  {pd product} {ergonomic}

Logging:
Log output configuration:
 #0: stdout all=warning uptime,level,tags
 #1: stderr all=off uptime,level,tags

Environment Variables:
PATH=C:\Program Files\Common Files\Oracle\Java\javapath;C:\Windows\system32;C:\Windows;C:\Windows\System32\Wbem;C:\Windows\System32\WindowsPowerShell\v1.0\;C:\Windows\System32\OpenSSH\;C:\Program Files (x86)\NVIDIA Corporation\PhysX\Common;C:\Program Files\NVIDIA Corporation\NVIDIA NvDLISR;C:\MinGW\bin;C:\WINDOWS\system32;C:\WINDOWS;C:\WINDOWS\System32\Wbem;C:\WINDOWS\System32\WindowsPowerShell\v1.0\;C:\WINDOWS\System32\OpenSSH\;C:\Program Files\nodejs\;C:\Program Files (x86)\Rational\common;C:\Program Files\Git\cmd;C:\Users\sattw\AppData\Local\Programs\Python\Python311\Scripts\;C:\Users\sattw\AppData\Local\Programs\Python\Python311\;C:\Users\sattw\AppData\Local\Microsoft\WindowsApps;;E:\Web Deveelopement and Programming\Microsoft VS Code\bin;C:\Users\sattw\AppData\Roaming\npm;C:\Program Files\JetBrains\IntelliJ IDEA 2023.1.3\bin;
USERNAME=sattw
LANG=en_US.UTF-8
OS=Windows_NT
PROCESSOR_IDENTIFIER=Intel64 Family 6 Model 158 Stepping 10, GenuineIntel
TMP=C:\Users\sattw\AppData\Local\Temp
TEMP=C:\Users\sattw\AppData\Local\Temp



---------------  S Y S T E M  ---------------

OS:
 Windows 11 , 64 bit Build 22000 (10.0.22000.2003)
OS uptime: 14 days 11:44 hours
Hyper-V role detected

CPU: total 8 (initial active 8) (4 cores per cpu, 2 threads per core) family 6 model 158 stepping 10 microcode 0xde, cx8, cmov, fxsr, ht, mmx, 3dnowpref, sse, sse2, sse3, ssse3, sse4.1, sse4.2, popcnt, lzcnt, tsc, tscinvbit, avx, avx2, aes, erms, clmul, bmi1, bmi2, adx, fma, vzeroupper, clflush, clflushopt, hv

Memory: 4k page, system-wide physical 8029M (275M free)
TotalPageFile size 14713M (AvailPageFile size 118M)
current process WorkingSet (physical memory assigned to process): 10M, peak: 10M
current process commit charge ("private bytes"): 60M, peak: 186M

vm_info: OpenJDK 64-Bit Server VM (17.0.7+7) for windows-amd64 JRE (17.0.7+7), built on Apr 18 2023 22:10:42 by "temurin" with MS VC++ 16.7 (VS2019)

END.
